{"total": {"lines":{"total":366,"covered":268,"skipped":0,"pct":73.22},"statements":{"total":450,"covered":334,"skipped":0,"pct":74.22},"functions":{"total":84,"covered":63,"skipped":0,"pct":75},"branches":{"total":124,"covered":82,"skipped":0,"pct":66.12},"branchesTrue":{"total":0,"covered":0,"skipped":0,"pct":100}}
,"/home/daytona/codebase/src/lib/bundle.ts": {"lines":{"total":48,"covered":42,"skipped":0,"pct":87.5},"functions":{"total":11,"covered":10,"skipped":0,"pct":90.9},"statements":{"total":55,"covered":49,"skipped":0,"pct":89.09},"branches":{"total":2,"covered":2,"skipped":0,"pct":100}}
,"/home/daytona/codebase/src/lib/chart.ts": {"lines":{"total":11,"covered":11,"skipped":0,"pct":100},"functions":{"total":1,"covered":1,"skipped":0,"pct":100},"statements":{"total":12,"covered":12,"skipped":0,"pct":100},"branches":{"total":4,"covered":4,"skipped":0,"pct":100}}
,"/home/daytona/codebase/src/lib/db.ts": {"lines":{"total":26,"covered":26,"skipped":0,"pct":100},"functions":{"total":17,"covered":15,"skipped":0,"pct":88.23},"statements":{"total":34,"covered":32,"skipped":0,"pct":94.11},"branches":{"total":8,"covered":3,"skipped":0,"pct":37.5}}
,"/home/daytona/codebase/src/lib/keys.ts": {"lines":{"total":34,"covered":31,"skipped":0,"pct":91.17},"functions":{"total":18,"covered":18,"skipped":0,"pct":100},"statements":{"total":43,"covered":40,"skipped":0,"pct":93.02},"branches":{"total":26,"covered":24,"skipped":0,"pct":92.3}}
,"/home/daytona/codebase/src/lib/profile.ts": {"lines":{"total":4,"covered":4,"skipped":0,"pct":100},"functions":{"total":2,"covered":2,"skipped":0,"pct":100},"statements":{"total":5,"covered":5,"skipped":0,"pct":100},"branches":{"total":4,"covered":4,"skipped":0,"pct":100}}
,"/home/daytona/codebase/src/lib/utils.ts": {"lines":{"total":1,"covered":0,"skipped":0,"pct":0},"functions":{"total":1,"covered":0,"skipped":0,"pct":0},"statements":{"total":1,"covered":0,"skipped":0,"pct":0},"branches":{"total":0,"covered":0,"skipped":0,"pct":100}}
,"/home/daytona/codebase/src/lib/vly-integrations.ts": {"lines":{"total":1,"covered":0,"skipped":0,"pct":0},"functions":{"total":0,"covered":0,"skipped":0,"pct":100},"statements":{"total":1,"covered":0,"skipped":0,"pct":0},"branches":{"total":0,"covered":0,"skipped":0,"pct":100}}
,"/home/daytona/codebase/src/stt/audio.ts": {"lines":{"total":24,"covered":23,"skipped":0,"pct":95.83},"functions":{"total":3,"covered":2,"skipped":0,"pct":66.66},"statements":{"total":25,"covered":24,"skipped":0,"pct":96},"branches":{"total":6,"covered":5,"skipped":0,"pct":83.33}}
,"/home/daytona/codebase/src/stt/decode.ts": {"lines":{"total":18,"covered":18,"skipped":0,"pct":100},"functions":{"total":2,"covered":2,"skipped":0,"pct":100},"statements":{"total":24,"covered":24,"skipped":0,"pct":100},"branches":{"total":6,"covered":6,"skipped":0,"pct":100}}
,"/home/daytona/codebase/src/stt/engine.ts": {"lines":{"total":77,"covered":0,"skipped":0,"pct":0},"functions":{"total":15,"covered":0,"skipped":0,"pct":0},"statements":{"total":91,"covered":0,"skipped":0,"pct":0},"branches":{"total":28,"covered":0,"skipped":0,"pct":0}}
,"/home/daytona/codebase/src/stt/features.ts": {"lines":{"total":86,"covered":86,"skipped":0,"pct":100},"functions":{"total":8,"covered":8,"skipped":0,"pct":100},"statements":{"total":109,"covered":109,"skipped":0,"pct":100},"branches":{"total":20,"covered":20,"skipped":0,"pct":100}}
,"/home/daytona/codebase/src/stt/mock.ts": {"lines":{"total":26,"covered":26,"skipped":0,"pct":100},"functions":{"total":5,"covered":5,"skipped":0,"pct":100},"statements":{"total":38,"covered":38,"skipped":0,"pct":100},"branches":{"total":14,"covered":14,"skipped":0,"pct":100}}
,"/home/daytona/codebase/src/stt/vocab.ts": {"lines":{"total":10,"covered":1,"skipped":0,"pct":10},"functions":{"total":1,"covered":0,"skipped":0,"pct":0},"statements":{"total":12,"covered":1,"skipped":0,"pct":8.33},"branches":{"total":6,"covered":0,"skipped":0,"pct":0}}
}
